1601526227288	mozrunner::runner	INFO	Running command: "/usr/bin/firefox" "-marionette" "-foreground" "-no-remote" "-profile" "/tmp/rust_mozprofile.YdL3FzU8Q2d1"
console.error: SearchCache: "_readCacheFile: Error reading cache file:" (new Error("", "(unknown module)"))
1601526245705	Marionette	INFO	Listening on port 45265
1601526245847	Marionette	WARN	TLS certificate errors will be ignored for this session
JavaScript error: resource://gre/modules/TelemetryUtils.jsm, line 161: TypeError: date is undefined
JavaScript warning: https://nistaraz.edupage.org/global/pics/js/edubarUtils.js?v=1f8b4a, line 2580: unreachable code after return statement
JavaScript warning: https://nistaraz.edupage.org/global/pics/js/edubarUtils.js?v=1f8b4a, line 5969: unreachable code after return statement
JavaScript warning: https://nistaraz.edupage.org/global/pics/js/edubarUtils.js?v=1f8b4a, line 2: Using //@ to indicate sourceURL pragmas is deprecated. Use //# instead
JavaScript warning: https://nistaraz.edupage.org/global/pics/js/edubarUtils.js?v=1f8b4a, line 2: Using //@ to indicate sourceURL pragmas is deprecated. Use //# instead
JavaScript warning: https://nistaraz.edupage.org/global/pics/js/edubarUtils.js?v=1f8b4a, line 2: Using //@ to indicate sourceURL pragmas is deprecated. Use //# instead
JavaScript warning: https://nistaraz.edupage.org/global/pics/js/edubarUtils.js?v=1f8b4a, line 2: Using //@ to indicate sourceURL pragmas is deprecated. Use //# instead
JavaScript warning: https://nistaraz.edupage.org/global/pics/js/edubarUtils.js?v=1f8b4a, line 2: Using //@ to indicate sourceURL pragmas is deprecated. Use //# instead
1601526264525	Marionette	INFO	Stopped listening on port 45265
1601526317998	mozrunner::runner	INFO	Running command: "/usr/bin/firefox" "-marionette" "-foreground" "-no-remote" "-profile" "/tmp/rust_mozprofile.0Y7Pig2OgSCn"
console.error: SearchCache: "_readCacheFile: Error reading cache file:" (new Error("", "(unknown module)"))
1601526320535	Marionette	INFO	Listening on port 36085
1601526320608	Marionette	WARN	TLS certificate errors will be ignored for this session
JavaScript error: resource://gre/modules/TelemetryUtils.jsm, line 161: TypeError: date is undefined
JavaScript warning: https://nistaraz.edupage.org/global/pics/js/edubarUtils.js?v=1f8b4a, line 2580: unreachable code after return statement
JavaScript warning: https://nistaraz.edupage.org/global/pics/js/edubarUtils.js?v=1f8b4a, line 5969: unreachable code after return statement
JavaScript warning: https://nistaraz.edupage.org/global/pics/js/edubarUtils.js?v=1f8b4a, line 2: Using //@ to indicate sourceURL pragmas is deprecated. Use //# instead
JavaScript warning: https://nistaraz.edupage.org/global/pics/js/edubarUtils.js?v=1f8b4a, line 2: Using //@ to indicate sourceURL pragmas is deprecated. Use //# instead
JavaScript warning: https://nistaraz.edupage.org/global/pics/js/edubarUtils.js?v=1f8b4a, line 2: Using //@ to indicate sourceURL pragmas is deprecated. Use //# instead
JavaScript warning: https://nistaraz.edupage.org/global/pics/js/edubarUtils.js?v=1f8b4a, line 2: Using //@ to indicate sourceURL pragmas is deprecated. Use //# instead
1601526331785	Marionette	INFO	Stopped listening on port 36085
1601526354905	mozrunner::runner	INFO	Running command: "/usr/bin/firefox" "-marionette" "-foreground" "-no-remote" "-profile" "/tmp/rust_mozprofile.p6A2RGIqbslF"
console.error: SearchCache: "_readCacheFile: Error reading cache file:" (new Error("", "(unknown module)"))
1601526357463	Marionette	INFO	Listening on port 45121
1601526357512	Marionette	WARN	TLS certificate errors will be ignored for this session
JavaScript error: resource://gre/modules/TelemetryUtils.jsm, line 161: TypeError: date is undefined
JavaScript warning: https://nistaraz.edupage.org/global/pics/js/edubarUtils.js?v=1f8b4a, line 2580: unreachable code after return statement
JavaScript warning: https://nistaraz.edupage.org/global/pics/js/edubarUtils.js?v=1f8b4a, line 5969: unreachable code after return statement
JavaScript warning: https://nistaraz.edupage.org/global/pics/js/edubarUtils.js?v=1f8b4a, line 2: Using //@ to indicate sourceURL pragmas is deprecated. Use //# instead
JavaScript warning: https://nistaraz.edupage.org/global/pics/js/edubarUtils.js?v=1f8b4a, line 2: Using //@ to indicate sourceURL pragmas is deprecated. Use //# instead
JavaScript warning: https://nistaraz.edupage.org/global/pics/js/edubarUtils.js?v=1f8b4a, line 2: Using //@ to indicate sourceURL pragmas is deprecated. Use //# instead
JavaScript warning: https://nistaraz.edupage.org/global/pics/js/edubarUtils.js?v=1f8b4a, line 2: Using //@ to indicate sourceURL pragmas is deprecated. Use //# instead
JavaScript warning: https://nistaraz.edupage.org/global/pics/js/edubarUtils.js?v=1f8b4a, line 2: Using //@ to indicate sourceURL pragmas is deprecated. Use //# instead
1601526364255	Marionette	INFO	Stopped listening on port 45121
1601526909061	mozrunner::runner	INFO	Running command: "/usr/bin/firefox" "-marionette" "-foreground" "-no-remote" "-profile" "/tmp/rust_mozprofile.H7vTtwcdBEKo"
console.error: SearchCache: "_readCacheFile: Error reading cache file:" (new Error("", "(unknown module)"))
1601526912570	Marionette	INFO	Listening on port 34185
1601526912672	Marionette	WARN	TLS certificate errors will be ignored for this session
JavaScript error: resource://gre/modules/TelemetryUtils.jsm, line 161: TypeError: date is undefined
JavaScript warning: https://nistaraz.edupage.org/global/pics/js/edubarUtils.js?v=1f8b4a, line 2580: unreachable code after return statement
JavaScript warning: https://nistaraz.edupage.org/global/pics/js/edubarUtils.js?v=1f8b4a, line 5969: unreachable code after return statement
JavaScript warning: https://nistaraz.edupage.org/global/pics/js/edubarUtils.js?v=1f8b4a, line 2: Using //@ to indicate sourceURL pragmas is deprecated. Use //# instead
JavaScript warning: https://nistaraz.edupage.org/global/pics/js/edubarUtils.js?v=1f8b4a, line 2: Using //@ to indicate sourceURL pragmas is deprecated. Use //# instead
JavaScript warning: https://nistaraz.edupage.org/global/pics/js/edubarUtils.js?v=1f8b4a, line 2: Using //@ to indicate sourceURL pragmas is deprecated. Use //# instead
JavaScript warning: https://nistaraz.edupage.org/global/pics/js/edubarUtils.js?v=1f8b4a, line 2: Using //@ to indicate sourceURL pragmas is deprecated. Use //# instead
JavaScript warning: https://nistaraz.edupage.org/global/pics/js/edubarUtils.js?v=1f8b4a, line 2: Using //@ to indicate sourceURL pragmas is deprecated. Use //# instead
1601526926330	Marionette	INFO	Stopped listening on port 34185
1601527157710	mozrunner::runner	INFO	Running command: "/usr/bin/firefox" "-marionette" "-foreground" "-no-remote" "-profile" "/tmp/rust_mozprofile.79VML0yjo8eY"
console.error: SearchCache: "_readCacheFile: Error reading cache file:" (new Error("", "(unknown module)"))
1601527161871	Marionette	INFO	Listening on port 33011
1601527161931	Marionette	WARN	TLS certificate errors will be ignored for this session
JavaScript error: resource://gre/modules/TelemetryUtils.jsm, line 161: TypeError: date is undefined
JavaScript warning: https://nistaraz.edupage.org/global/pics/js/edubarUtils.js?v=1f8b4a, line 2580: unreachable code after return statement
JavaScript warning: https://nistaraz.edupage.org/global/pics/js/edubarUtils.js?v=1f8b4a, line 5969: unreachable code after return statement
JavaScript warning: https://nistaraz.edupage.org/global/pics/js/edubarUtils.js?v=1f8b4a, line 2: Using //@ to indicate sourceURL pragmas is deprecated. Use //# instead
JavaScript warning: https://nistaraz.edupage.org/global/pics/js/edubarUtils.js?v=1f8b4a, line 2: Using //@ to indicate sourceURL pragmas is deprecated. Use //# instead
JavaScript warning: https://nistaraz.edupage.org/global/pics/js/edubarUtils.js?v=1f8b4a, line 2: Using //@ to indicate sourceURL pragmas is deprecated. Use //# instead
JavaScript warning: https://nistaraz.edupage.org/global/pics/js/edubarUtils.js?v=1f8b4a, line 2: Using //@ to indicate sourceURL pragmas is deprecated. Use //# instead
1601527172768	Marionette	INFO	Stopped listening on port 33011
console.error: services.settings: 
  main/fxmonitor-breaches Signature failed  TypeError: NetworkError when attempting to fetch resource.
console.error: services.settings: 
  main/messaging-experiments Signature failed  TypeError: NetworkError when attempting to fetch resource.
console.error: services.settings: 
  main/message-groups Signature failed  TypeError: NetworkError when attempting to fetch resource.
console.error: services.settings: 
  main/partitioning-exempt-urls Signature failed  TypeError: NetworkError when attempting to fetch resource.
1601527225398	mozrunner::runner	INFO	Running command: "/usr/bin/firefox" "-marionette" "-foreground" "-no-remote" "-profile" "/tmp/rust_mozprofile.Iuw172AqPslT"
console.error: SearchCache: "_readCacheFile: Error reading cache file:" (new Error("", "(unknown module)"))
1601527228728	Marionette	INFO	Listening on port 37199
1601527228808	Marionette	WARN	TLS certificate errors will be ignored for this session
JavaScript error: resource://gre/modules/TelemetryUtils.jsm, line 161: TypeError: date is undefined
JavaScript warning: https://nistaraz.edupage.org/global/pics/js/edubarUtils.js?v=1f8b4a, line 2580: unreachable code after return statement
JavaScript warning: https://nistaraz.edupage.org/global/pics/js/edubarUtils.js?v=1f8b4a, line 5969: unreachable code after return statement
JavaScript warning: https://nistaraz.edupage.org/global/pics/js/edubarUtils.js?v=1f8b4a, line 2: Using //@ to indicate sourceURL pragmas is deprecated. Use //# instead
JavaScript warning: https://nistaraz.edupage.org/global/pics/js/edubarUtils.js?v=1f8b4a, line 2: Using //@ to indicate sourceURL pragmas is deprecated. Use //# instead
JavaScript warning: https://nistaraz.edupage.org/global/pics/js/edubarUtils.js?v=1f8b4a, line 2: Using //@ to indicate sourceURL pragmas is deprecated. Use //# instead
JavaScript warning: https://nistaraz.edupage.org/global/pics/js/edubarUtils.js?v=1f8b4a, line 2: Using //@ to indicate sourceURL pragmas is deprecated. Use //# instead
JavaScript warning: https://nistaraz.edupage.org/global/pics/js/edubarUtils.js?v=1f8b4a, line 2: Using //@ to indicate sourceURL pragmas is deprecated. Use //# instead
1601527244686	Marionette	INFO	Stopped listening on port 37199
1601527272937	mozrunner::runner	INFO	Running command: "/usr/bin/firefox" "-marionette" "-foreground" "-no-remote" "-profile" "/tmp/rust_mozprofile.TSdMxWZwSCdd"
console.error: SearchCache: "_readCacheFile: Error reading cache file:" (new Error("", "(unknown module)"))
1601527276361	Marionette	INFO	Listening on port 35117
1601527276448	Marionette	WARN	TLS certificate errors will be ignored for this session
JavaScript error: resource://gre/modules/TelemetryUtils.jsm, line 161: TypeError: date is undefined
JavaScript warning: https://nistaraz.edupage.org/global/pics/js/edubarUtils.js?v=1f8b4a, line 2580: unreachable code after return statement
JavaScript warning: https://nistaraz.edupage.org/global/pics/js/edubarUtils.js?v=1f8b4a, line 5969: unreachable code after return statement
JavaScript warning: https://nistaraz.edupage.org/global/pics/js/edubarUtils.js?v=1f8b4a, line 2: Using //@ to indicate sourceURL pragmas is deprecated. Use //# instead
JavaScript warning: https://nistaraz.edupage.org/global/pics/js/edubarUtils.js?v=1f8b4a, line 2: Using //@ to indicate sourceURL pragmas is deprecated. Use //# instead
JavaScript warning: https://nistaraz.edupage.org/global/pics/js/edubarUtils.js?v=1f8b4a, line 2: Using //@ to indicate sourceURL pragmas is deprecated. Use //# instead
JavaScript warning: https://nistaraz.edupage.org/global/pics/js/edubarUtils.js?v=1f8b4a, line 2: Using //@ to indicate sourceURL pragmas is deprecated. Use //# instead
JavaScript warning: https://nistaraz.edupage.org/global/pics/js/edubarUtils.js?v=1f8b4a, line 2: Using //@ to indicate sourceURL pragmas is deprecated. Use //# instead
1601527304877	Marionette	INFO	Stopped listening on port 35117
console.error: services.settings: 
  main/messaging-experiments Signature failed  TypeError: NetworkError when attempting to fetch resource.
console.error: services.settings: 
  main/fxmonitor-breaches Signature failed  TypeError: NetworkError when attempting to fetch resource.
console.error: services.settings: 
  main/message-groups Signature failed  TypeError: NetworkError when attempting to fetch resource.
console.error: services.settings: 
  main/partitioning-exempt-urls Signature failed  TypeError: NetworkError when attempting to fetch resource.
1601527423409	mozrunner::runner	INFO	Running command: "/usr/bin/firefox" "-marionette" "-foreground" "-no-remote" "-profile" "/tmp/rust_mozprofile.xkzdFuPE5Ojx"
console.error: SearchCache: "_readCacheFile: Error reading cache file:" (new Error("", "(unknown module)"))
1601527426445	Marionette	INFO	Listening on port 37045
1601527426517	Marionette	WARN	TLS certificate errors will be ignored for this session
JavaScript error: resource://gre/modules/TelemetryUtils.jsm, line 161: TypeError: date is undefined
JavaScript warning: https://nistaraz.edupage.org/global/pics/js/edubarUtils.js?v=1f8b4a, line 2580: unreachable code after return statement
JavaScript warning: https://nistaraz.edupage.org/global/pics/js/edubarUtils.js?v=1f8b4a, line 5969: unreachable code after return statement
JavaScript warning: https://nistaraz.edupage.org/global/pics/js/edubarUtils.js?v=1f8b4a, line 2: Using //@ to indicate sourceURL pragmas is deprecated. Use //# instead
JavaScript warning: https://nistaraz.edupage.org/global/pics/js/edubarUtils.js?v=1f8b4a, line 2: Using //@ to indicate sourceURL pragmas is deprecated. Use //# instead
JavaScript warning: https://nistaraz.edupage.org/global/pics/js/edubarUtils.js?v=1f8b4a, line 2: Using //@ to indicate sourceURL pragmas is deprecated. Use //# instead
JavaScript warning: https://nistaraz.edupage.org/global/pics/js/edubarUtils.js?v=1f8b4a, line 2: Using //@ to indicate sourceURL pragmas is deprecated. Use //# instead
1601527437002	Marionette	INFO	Stopped listening on port 37045
1601527466920	mozrunner::runner	INFO	Running command: "/usr/bin/firefox" "-marionette" "-foreground" "-no-remote" "-profile" "/tmp/rust_mozprofile.SNEYVh3a8lUH"
console.error: SearchCache: "_readCacheFile: Error reading cache file:" (new Error("", "(unknown module)"))
1601527469982	Marionette	INFO	Listening on port 42173
1601527470031	Marionette	WARN	TLS certificate errors will be ignored for this session
JavaScript error: resource://gre/modules/TelemetryUtils.jsm, line 161: TypeError: date is undefined
JavaScript warning: https://nistaraz.edupage.org/global/pics/js/edubarUtils.js?v=1f8b4a, line 2580: unreachable code after return statement
JavaScript warning: https://nistaraz.edupage.org/global/pics/js/edubarUtils.js?v=1f8b4a, line 5969: unreachable code after return statement
JavaScript warning: https://nistaraz.edupage.org/global/pics/js/edubarUtils.js?v=1f8b4a, line 2: Using //@ to indicate sourceURL pragmas is deprecated. Use //# instead
JavaScript warning: https://nistaraz.edupage.org/global/pics/js/edubarUtils.js?v=1f8b4a, line 2: Using //@ to indicate sourceURL pragmas is deprecated. Use //# instead
JavaScript warning: https://nistaraz.edupage.org/global/pics/js/edubarUtils.js?v=1f8b4a, line 2: Using //@ to indicate sourceURL pragmas is deprecated. Use //# instead
JavaScript warning: https://nistaraz.edupage.org/global/pics/js/edubarUtils.js?v=1f8b4a, line 2: Using //@ to indicate sourceURL pragmas is deprecated. Use //# instead
JavaScript warning: https://nistaraz.edupage.org/global/pics/js/edubarUtils.js?v=1f8b4a, line 2: Using //@ to indicate sourceURL pragmas is deprecated. Use //# instead
1601527482980	Marionette	INFO	Stopped listening on port 42173
console.error: services.settings: 
  main/messaging-experiments Signature failed  TypeError: NetworkError when attempting to fetch resource.
console.error: services.settings: 
  main/message-groups Signature failed  TypeError: NetworkError when attempting to fetch resource.
console.error: services.settings: 
  main/fxmonitor-breaches Signature failed  TypeError: NetworkError when attempting to fetch resource.
console.error: services.settings: 
  main/partitioning-exempt-urls Signature failed  TypeError: NetworkError when attempting to fetch resource.
1601528765172	mozrunner::runner	INFO	Running command: "/usr/bin/firefox" "-marionette" "-foreground" "-no-remote" "-profile" "/tmp/rust_mozprofile.rM00utHBU32S"
console.error: SearchCache: "_readCacheFile: Error reading cache file:" (new Error("", "(unknown module)"))
1601528767923	Marionette	INFO	Listening on port 33165
1601528767980	Marionette	WARN	TLS certificate errors will be ignored for this session
JavaScript error: resource://gre/modules/TelemetryUtils.jsm, line 161: TypeError: date is undefined
JavaScript warning: https://nistaraz.edupage.org/global/pics/js/edubarUtils.js?v=1f8b4a, line 2580: unreachable code after return statement
JavaScript warning: https://nistaraz.edupage.org/global/pics/js/edubarUtils.js?v=1f8b4a, line 5969: unreachable code after return statement
JavaScript warning: https://nistaraz.edupage.org/global/pics/js/edubarUtils.js?v=1f8b4a, line 2: Using //@ to indicate sourceURL pragmas is deprecated. Use //# instead
JavaScript warning: https://nistaraz.edupage.org/global/pics/js/edubarUtils.js?v=1f8b4a, line 2: Using //@ to indicate sourceURL pragmas is deprecated. Use //# instead
JavaScript warning: https://nistaraz.edupage.org/global/pics/js/edubarUtils.js?v=1f8b4a, line 2: Using //@ to indicate sourceURL pragmas is deprecated. Use //# instead
JavaScript warning: https://nistaraz.edupage.org/global/pics/js/edubarUtils.js?v=1f8b4a, line 2: Using //@ to indicate sourceURL pragmas is deprecated. Use //# instead
JavaScript warning: https://nistaraz.edupage.org/global/pics/js/edubarUtils.js?v=1f8b4a, line 2: Using //@ to indicate sourceURL pragmas is deprecated. Use //# instead
1601528779600	Marionette	INFO	Stopped listening on port 33165
console.error: services.settings: 
  main/messaging-experiments Signature failed  TypeError: NetworkError when attempting to fetch resource.
console.error: services.settings: 
  main/fxmonitor-breaches Signature failed  TypeError: NetworkError when attempting to fetch resource.
console.error: services.settings: 
  main/partitioning-exempt-urls Signature failed  TypeError: NetworkError when attempting to fetch resource.
console.error: services.settings: 
  main/message-groups Signature failed  TypeError: NetworkError when attempting to fetch resource.
1601528870226	mozrunner::runner	INFO	Running command: "/usr/bin/firefox" "-marionette" "-foreground" "-no-remote" "-profile" "/tmp/rust_mozprofile.CGZFHWUhjuOP"
console.error: SearchCache: "_readCacheFile: Error reading cache file:" (new Error("", "(unknown module)"))
1601528873154	Marionette	INFO	Listening on port 41975
1601528873235	Marionette	WARN	TLS certificate errors will be ignored for this session
JavaScript error: resource://gre/modules/TelemetryUtils.jsm, line 161: TypeError: date is undefined
JavaScript warning: https://nistaraz.edupage.org/global/pics/js/edubarUtils.js?v=1f8b4a, line 2580: unreachable code after return statement
JavaScript warning: https://nistaraz.edupage.org/global/pics/js/edubarUtils.js?v=1f8b4a, line 5969: unreachable code after return statement
JavaScript warning: https://nistaraz.edupage.org/global/pics/js/edubarUtils.js?v=1f8b4a, line 2: Using //@ to indicate sourceURL pragmas is deprecated. Use //# instead
JavaScript warning: https://nistaraz.edupage.org/global/pics/js/edubarUtils.js?v=1f8b4a, line 2: Using //@ to indicate sourceURL pragmas is deprecated. Use //# instead
JavaScript warning: https://nistaraz.edupage.org/global/pics/js/edubarUtils.js?v=1f8b4a, line 2: Using //@ to indicate sourceURL pragmas is deprecated. Use //# instead
JavaScript warning: https://nistaraz.edupage.org/global/pics/js/edubarUtils.js?v=1f8b4a, line 2: Using //@ to indicate sourceURL pragmas is deprecated. Use //# instead
JavaScript warning: https://nistaraz.edupage.org/global/pics/js/edubarUtils.js?v=1f8b4a, line 2: Using //@ to indicate sourceURL pragmas is deprecated. Use //# instead
1601528883866	Marionette	INFO	Stopped listening on port 41975
1601528917637	mozrunner::runner	INFO	Running command: "/usr/bin/firefox" "-marionette" "-foreground" "-no-remote" "-profile" "/tmp/rust_mozprofile.hzYGQqbNeVS8"
console.error: SearchCache: "_readCacheFile: Error reading cache file:" (new Error("", "(unknown module)"))
1601528921162	Marionette	INFO	Listening on port 39553
1601528921247	Marionette	WARN	TLS certificate errors will be ignored for this session
JavaScript error: resource://gre/modules/TelemetryUtils.jsm, line 161: TypeError: date is undefined
JavaScript warning: https://nistaraz.edupage.org/global/pics/js/edubarUtils.js?v=1f8b4a, line 2580: unreachable code after return statement
JavaScript warning: https://nistaraz.edupage.org/global/pics/js/edubarUtils.js?v=1f8b4a, line 5969: unreachable code after return statement
JavaScript warning: https://nistaraz.edupage.org/global/pics/js/edubarUtils.js?v=1f8b4a, line 2: Using //@ to indicate sourceURL pragmas is deprecated. Use //# instead
JavaScript warning: https://nistaraz.edupage.org/global/pics/js/edubarUtils.js?v=1f8b4a, line 2: Using //@ to indicate sourceURL pragmas is deprecated. Use //# instead
JavaScript warning: https://nistaraz.edupage.org/global/pics/js/edubarUtils.js?v=1f8b4a, line 2: Using //@ to indicate sourceURL pragmas is deprecated. Use //# instead
JavaScript warning: https://nistaraz.edupage.org/global/pics/js/edubarUtils.js?v=1f8b4a, line 2: Using //@ to indicate sourceURL pragmas is deprecated. Use //# instead
JavaScript warning: https://nistaraz.edupage.org/global/pics/js/edubarUtils.js?v=1f8b4a, line 2: Using //@ to indicate sourceURL pragmas is deprecated. Use //# instead
1601528937535	Marionette	INFO	Stopped listening on port 39553
